0 info it worked if it ends with ok
1 verbose cli [ 'C:\\Program Files\\nodejs\\node.exe',
1 verbose cli   'C:\\Program Files\\nodejs\\node_modules\\npm\\bin\\npm-cli.js',
1 verbose cli   'i',
1 verbose cli   '-g',
1 verbose cli   'yarn',
1 verbose cli   'create-react-app',
1 verbose cli   'Ranking' ]
2 info using npm@3.10.10
3 info using node@v6.11.2
4 silly loadCurrentTree Starting
5 silly install loadCurrentTree
6 silly install readGlobalPackageData
7 silly fetchPackageMetaData yarn
8 silly fetchPackageMetaData create-react-app
9 silly fetchPackageMetaData Ranking
10 silly fetchNamedPackageData yarn
11 silly mapToRegistry name yarn
12 silly mapToRegistry using default registry
13 silly mapToRegistry registry https://registry.npmjs.org/
14 silly mapToRegistry data Result {
14 silly mapToRegistry   raw: 'yarn',
14 silly mapToRegistry   scope: null,
14 silly mapToRegistry   escapedName: 'yarn',
14 silly mapToRegistry   name: 'yarn',
14 silly mapToRegistry   rawSpec: '',
14 silly mapToRegistry   spec: 'latest',
14 silly mapToRegistry   type: 'tag' }
15 silly mapToRegistry uri https://registry.npmjs.org/yarn
16 silly fetchNamedPackageData create-react-app
17 silly mapToRegistry name create-react-app
18 silly mapToRegistry using default registry
19 silly mapToRegistry registry https://registry.npmjs.org/
20 silly mapToRegistry data Result {
20 silly mapToRegistry   raw: 'create-react-app',
20 silly mapToRegistry   scope: null,
20 silly mapToRegistry   escapedName: 'create-react-app',
20 silly mapToRegistry   name: 'create-react-app',
20 silly mapToRegistry   rawSpec: '',
20 silly mapToRegistry   spec: 'latest',
20 silly mapToRegistry   type: 'tag' }
21 silly mapToRegistry uri https://registry.npmjs.org/create-react-app
22 silly fetchNamedPackageData Ranking
23 silly mapToRegistry name Ranking
24 silly mapToRegistry using default registry
25 silly mapToRegistry registry https://registry.npmjs.org/
26 silly mapToRegistry data Result {
26 silly mapToRegistry   raw: 'Ranking',
26 silly mapToRegistry   scope: null,
26 silly mapToRegistry   escapedName: 'Ranking',
26 silly mapToRegistry   name: 'Ranking',
26 silly mapToRegistry   rawSpec: '',
26 silly mapToRegistry   spec: 'latest',
26 silly mapToRegistry   type: 'tag' }
27 silly mapToRegistry uri https://registry.npmjs.org/Ranking
28 verbose request uri https://registry.npmjs.org/Ranking
29 verbose request no auth needed
30 info attempt registry request try #1 at 16:00:49
31 verbose request id 2d07f3fe46647595
32 http request GET https://registry.npmjs.org/Ranking
33 verbose request uri https://registry.npmjs.org/yarn
34 verbose request no auth needed
35 info attempt registry request try #1 at 16:00:50
36 verbose etag "5a3bc1cf-339ae"
37 verbose lastModified Thu, 21 Dec 2017 14:14:39 GMT
38 http request GET https://registry.npmjs.org/yarn
39 verbose request uri https://registry.npmjs.org/create-react-app
40 verbose request no auth needed
41 info attempt registry request try #1 at 16:00:50
42 verbose etag "5a32e22b-dea0"
43 verbose lastModified Thu, 14 Dec 2017 20:42:19 GMT
44 http request GET https://registry.npmjs.org/create-react-app
45 http 304 https://registry.npmjs.org/create-react-app
46 verbose headers { date: 'Sun, 24 Dec 2017 08:00:48 GMT',
46 verbose headers   via: '1.1 varnish',
46 verbose headers   'cache-control': 'max-age=300',
46 verbose headers   etag: '"5a32e22b-dea0"',
46 verbose headers   age: '5240',
46 verbose headers   connection: 'keep-alive',
46 verbose headers   'x-served-by': 'cache-itm18826-ITM',
46 verbose headers   'x-cache': 'HIT',
46 verbose headers   'x-cache-hits': '1',
46 verbose headers   'x-timer': 'S1514102449.927886,VS0,VE1',
46 verbose headers   vary: 'Accept-Encoding, Accept' }
47 silly get cb [ 304,
47 silly get   { date: 'Sun, 24 Dec 2017 08:00:48 GMT',
47 silly get     via: '1.1 varnish',
47 silly get     'cache-control': 'max-age=300',
47 silly get     etag: '"5a32e22b-dea0"',
47 silly get     age: '5240',
47 silly get     connection: 'keep-alive',
47 silly get     'x-served-by': 'cache-itm18826-ITM',
47 silly get     'x-cache': 'HIT',
47 silly get     'x-cache-hits': '1',
47 silly get     'x-timer': 'S1514102449.927886,VS0,VE1',
47 silly get     vary: 'Accept-Encoding, Accept' } ]
48 verbose etag https://registry.npmjs.org/create-react-app from cache
49 verbose get saving create-react-app to C:\Users\user\AppData\Roaming\npm-cache\registry.npmjs.org\create-react-app\.cache.json
50 verbose correctMkdir C:\Users\user\AppData\Roaming\npm-cache correctMkdir not in flight; initializing
51 http 304 https://registry.npmjs.org/yarn
52 verbose headers { date: 'Sun, 24 Dec 2017 08:00:48 GMT',
52 verbose headers   via: '1.1 varnish',
52 verbose headers   'cache-control': 'max-age=300',
52 verbose headers   etag: '"5a3bc1cf-339ae"',
52 verbose headers   age: '11144',
52 verbose headers   connection: 'keep-alive',
52 verbose headers   'x-served-by': 'cache-itm18820-ITM',
52 verbose headers   'x-cache': 'HIT',
52 verbose headers   'x-cache-hits': '1',
52 verbose headers   'x-timer': 'S1514102449.931864,VS0,VE1',
52 verbose headers   vary: 'Accept-Encoding, Accept' }
53 silly get cb [ 304,
53 silly get   { date: 'Sun, 24 Dec 2017 08:00:48 GMT',
53 silly get     via: '1.1 varnish',
53 silly get     'cache-control': 'max-age=300',
53 silly get     etag: '"5a3bc1cf-339ae"',
53 silly get     age: '11144',
53 silly get     connection: 'keep-alive',
53 silly get     'x-served-by': 'cache-itm18820-ITM',
53 silly get     'x-cache': 'HIT',
53 silly get     'x-cache-hits': '1',
53 silly get     'x-timer': 'S1514102449.931864,VS0,VE1',
53 silly get     vary: 'Accept-Encoding, Accept' } ]
54 verbose etag https://registry.npmjs.org/yarn from cache
55 verbose get saving yarn to C:\Users\user\AppData\Roaming\npm-cache\registry.npmjs.org\yarn\.cache.json
56 verbose correctMkdir C:\Users\user\AppData\Roaming\npm-cache correctMkdir already in flight; waiting
57 http 404 https://registry.npmjs.org/Ranking
58 verbose headers { 'content-type': 'application/json',
58 verbose headers   'cache-control': 'max-age=0',
58 verbose headers   'content-length': '2',
58 verbose headers   'accept-ranges': 'bytes',
58 verbose headers   date: 'Sun, 24 Dec 2017 08:00:50 GMT',
58 verbose headers   via: '1.1 varnish',
58 verbose headers   connection: 'keep-alive',
58 verbose headers   'x-served-by': 'cache-itm18827-ITM',
58 verbose headers   'x-cache': 'MISS',
58 verbose headers   'x-cache-hits': '0',
58 verbose headers   'x-timer': 'S1514102449.930392,VS0,VE1460',
58 verbose headers   vary: 'Accept-Encoding' }
59 silly get cb [ 404,
59 silly get   { 'content-type': 'application/json',
59 silly get     'cache-control': 'max-age=0',
59 silly get     'content-length': '2',
59 silly get     'accept-ranges': 'bytes',
59 silly get     date: 'Sun, 24 Dec 2017 08:00:50 GMT',
59 silly get     via: '1.1 varnish',
59 silly get     connection: 'keep-alive',
59 silly get     'x-served-by': 'cache-itm18827-ITM',
59 silly get     'x-cache': 'MISS',
59 silly get     'x-cache-hits': '0',
59 silly get     'x-timer': 'S1514102449.930392,VS0,VE1460',
59 silly get     vary: 'Accept-Encoding' } ]
60 silly fetchPackageMetaData Error: Registry returned 404 for GET on https://registry.npmjs.org/Ranking
60 silly fetchPackageMetaData     at makeError (C:\nvm\v6.11.2\node_modules\npm\node_modules\npm-registry-client\lib\request.js:302:12)
60 silly fetchPackageMetaData     at CachingRegistryClient.<anonymous> (C:\nvm\v6.11.2\node_modules\npm\node_modules\npm-registry-client\lib\request.js:280:14)
60 silly fetchPackageMetaData     at Request._callback (C:\nvm\v6.11.2\node_modules\npm\node_modules\npm-registry-client\lib\request.js:210:14)
60 silly fetchPackageMetaData     at Request.self.callback (C:\nvm\v6.11.2\node_modules\npm\node_modules\request\request.js:187:22)
60 silly fetchPackageMetaData     at emitTwo (events.js:106:13)
60 silly fetchPackageMetaData     at Request.emit (events.js:191:7)
60 silly fetchPackageMetaData     at Request.<anonymous> (C:\nvm\v6.11.2\node_modules\npm\node_modules\request\request.js:1048:10)
60 silly fetchPackageMetaData     at emitOne (events.js:96:13)
60 silly fetchPackageMetaData     at Request.emit (events.js:188:7)
60 silly fetchPackageMetaData     at IncomingMessage.<anonymous> (C:\nvm\v6.11.2\node_modules\npm\node_modules\request\request.js:969:12)
60 silly fetchPackageMetaData  error for Ranking { Error: Registry returned 404 for GET on https://registry.npmjs.org/Ranking
60 silly fetchPackageMetaData     at makeError (C:\nvm\v6.11.2\node_modules\npm\node_modules\npm-registry-client\lib\request.js:302:12)
60 silly fetchPackageMetaData     at CachingRegistryClient.<anonymous> (C:\nvm\v6.11.2\node_modules\npm\node_modules\npm-registry-client\lib\request.js:280:14)
60 silly fetchPackageMetaData     at Request._callback (C:\nvm\v6.11.2\node_modules\npm\node_modules\npm-registry-client\lib\request.js:210:14)
60 silly fetchPackageMetaData     at Request.self.callback (C:\nvm\v6.11.2\node_modules\npm\node_modules\request\request.js:187:22)
60 silly fetchPackageMetaData     at emitTwo (events.js:106:13)
60 silly fetchPackageMetaData     at Request.emit (events.js:191:7)
60 silly fetchPackageMetaData     at Request.<anonymous> (C:\nvm\v6.11.2\node_modules\npm\node_modules\request\request.js:1048:10)
60 silly fetchPackageMetaData     at emitOne (events.js:96:13)
60 silly fetchPackageMetaData     at Request.emit (events.js:188:7)
60 silly fetchPackageMetaData     at IncomingMessage.<anonymous> (C:\nvm\v6.11.2\node_modules\npm\node_modules\request\request.js:969:12) pkgid: 'Ranking', statusCode: 404, code: 'E404' }
61 silly rollbackFailedOptional Starting
62 silly rollbackFailedOptional Finishing
63 silly runTopLevelLifecycles Finishing
64 silly install printInstalled
65 verbose stack Error: Registry returned 404 for GET on https://registry.npmjs.org/Ranking
65 verbose stack     at makeError (C:\nvm\v6.11.2\node_modules\npm\node_modules\npm-registry-client\lib\request.js:302:12)
65 verbose stack     at CachingRegistryClient.<anonymous> (C:\nvm\v6.11.2\node_modules\npm\node_modules\npm-registry-client\lib\request.js:280:14)
65 verbose stack     at Request._callback (C:\nvm\v6.11.2\node_modules\npm\node_modules\npm-registry-client\lib\request.js:210:14)
65 verbose stack     at Request.self.callback (C:\nvm\v6.11.2\node_modules\npm\node_modules\request\request.js:187:22)
65 verbose stack     at emitTwo (events.js:106:13)
65 verbose stack     at Request.emit (events.js:191:7)
65 verbose stack     at Request.<anonymous> (C:\nvm\v6.11.2\node_modules\npm\node_modules\request\request.js:1048:10)
65 verbose stack     at emitOne (events.js:96:13)
65 verbose stack     at Request.emit (events.js:188:7)
65 verbose stack     at IncomingMessage.<anonymous> (C:\nvm\v6.11.2\node_modules\npm\node_modules\request\request.js:969:12)
66 verbose statusCode 404
67 verbose pkgid Ranking
68 verbose cwd C:\Users\user\Desktop\daisy\reactjs-lesson
69 error Windows_NT 6.1.7601
70 error argv "C:\\Program Files\\nodejs\\node.exe" "C:\\Program Files\\nodejs\\node_modules\\npm\\bin\\npm-cli.js" "i" "-g" "yarn" "create-react-app" "Ranking"
71 error node v6.11.2
72 error npm  v3.10.10
73 error code E404
74 error 404 Registry returned 404 for GET on https://registry.npmjs.org/Ranking
75 error 404
76 error 404 'Ranking' is not in the npm registry.
77 error 404 Your package name is not valid, because
78 error 404 1. name can no longer contain capital letters
79 error 404 Note that you can also install from a
80 error 404 tarball, folder, http url, or git url.
81 verbose exit [ 1, true ]
